-encoding
UTF-8
-outxml
-source
6
-target
6
-classpath
/home/sinval/.m2/repository/antlr/antlr/2.7.7/antlr-2.7.7.jar:/home/sinval/.m2/repository/aopalliance/aopalliance/1.0/aopalliance-1.0.jar:/home/sinval/.m2/repository/cglib/cglib-nodep/2.2.2/cglib-nodep-2.2.2.jar:/home/sinval/.m2/repository/commons-beanutils/commons-beanutils/1.8.3/commons-beanutils-1.8.3.jar:/home/sinval/.m2/repository/commons-codec/commons-codec/1.5/commons-codec-1.5.jar:/home/sinval/.m2/repository/commons-collections/commons-collections/3.2.1/commons-collections-3.2.1.jar:/home/sinval/.m2/repository/commons-dbcp/commons-dbcp/1.3/commons-dbcp-1.3.jar:/home/sinval/.m2/repository/commons-digester/commons-digester/2.1/commons-digester-2.1.jar:/home/sinval/.m2/repository/commons-fileupload/commons-fileupload/1.2.2/commons-fileupload-1.2.2.jar:/home/sinval/.m2/repository/commons-io/commons-io/2.1/commons-io-2.1.jar:/home/sinval/.m2/repository/commons-pool/commons-pool/1.5.6/commons-pool-1.5.6.jar:/home/sinval/.m2/repository/dom4j/dom4j/1.6.1/dom4j-1.6.1.jar:/home/sinval/.m2/repository/javax/el/el-api/1.0/el-api-1.0.jar:/home/sinval/.m2/repository/javax/servlet/servlet-api/2.5/servlet-api-2.5.jar:/home/sinval/.m2/repository/javax/servlet/jsp/jsp-api/2.1/jsp-api-2.1.jar:/home/sinval/.m2/repository/javax/servlet/jsp/jstl/jstl-api/1.2/jstl-api-1.2.jar:/home/sinval/.m2/repository/javax/transaction/jta/1.1/jta-1.1.jar:/home/sinval/.m2/repository/javax/validation/validation-api/1.0.0.GA/validation-api-1.0.0.GA.jar:/home/sinval/.m2/repository/joda-time/joda-time/1.6/joda-time-1.6.jar:/home/sinval/.m2/repository/log4j/log4j/1.2.16/log4j-1.2.16.jar:/home/sinval/.m2/repository/mysql/mysql-connector-java/5.1.18/mysql-connector-java-5.1.18.jar:/home/sinval/.m2/repository/net/sf/flexjson/flexjson/2.1/flexjson-2.1.jar:/home/sinval/.m2/repository/org/apache/commons/commons-lang3/3.1/commons-lang3-3.1.jar:/home/sinval/.m2/repository/org/apache/tiles/tiles-api/2.2.2/tiles-api-2.2.2.jar:/home/sinval/.m2/repository/org/apache/tiles/tiles-core/2.2.2/tiles-core-2.2.2.jar:/home/sinval/.m2/repository/org/apache/tiles/tiles-jsp/2.2.2/tiles-jsp-2.2.2.jar:/home/sinval/.m2/repository/org/apache/tiles/tiles-servlet/2.2.2/tiles-servlet-2.2.2.jar:/home/sinval/.m2/repository/org/apache/tiles/tiles-template/2.2.2/tiles-template-2.2.2.jar:/home/sinval/.m2/repository/org/aspectj/aspectjrt/1.7.0.RC1/aspectjrt-1.7.0.RC1.jar:/home/sinval/.m2/repository/org/aspectj/aspectjweaver/1.7.0.RC1/aspectjweaver-1.7.0.RC1.jar:/home/sinval/.m2/repository/org/codehaus/jackson/jackson-core-asl/1.9.12/jackson-core-asl-1.9.12.jar:/home/sinval/.m2/repository/org/codehaus/jackson/jackson-jaxrs/1.9.12/jackson-jaxrs-1.9.12.jar:/home/sinval/.m2/repository/org/codehaus/jackson/jackson-mapper-asl/1.9.12/jackson-mapper-asl-1.9.12.jar:/home/sinval/.m2/repository/org/glassfish/web/jstl-impl/1.2/jstl-impl-1.2.jar:/home/sinval/.m2/repository/org/hibernate/hibernate-core/4.1.8.Final/hibernate-core-4.1.8.Final.jar:/home/sinval/.m2/repository/org/hibernate/hibernate-entitymanager/4.1.8.Final/hibernate-entitymanager-4.1.8.Final.jar:/home/sinval/.m2/repository/org/hibernate/hibernate-validator/4.3.1.Final/hibernate-validator-4.3.1.Final.jar:/home/sinval/.m2/repository/org/hibernate/common/hibernate-commons-annotations/4.0.1.Final/hibernate-commons-annotations-4.0.1.Final.jar:/home/sinval/.m2/repository/org/hibernate/javax/persistence/hibernate-jpa-2.0-api/1.0.1.Final/hibernate-jpa-2.0-api-1.0.1.Final.jar:/home/sinval/.m2/repository/org/javassist/javassist/3.15.0-GA/javassist-3.15.0-GA.jar:/home/sinval/.m2/repository/org/jboss/logging/jboss-logging/3.1.0.GA/jboss-logging-3.1.0.GA.jar:/home/sinval/.m2/repository/org/jboss/spec/javax/transaction/jboss-transaction-api_1.1_spec/1.0.0.Final/jboss-transaction-api_1.1_spec-1.0.0.Final.jar:/home/sinval/.m2/repository/org/slf4j/jcl-over-slf4j/1.6.4/jcl-over-slf4j-1.6.4.jar:/home/sinval/.m2/repository/org/slf4j/slf4j-api/1.6.4/slf4j-api-1.6.4.jar:/home/sinval/.m2/repository/org/slf4j/slf4j-log4j12/1.6.4/slf4j-log4j12-1.6.4.jar:/home/sinval/.m2/repository/org/springframework/spring-aop/3.1.1.RELEASE/spring-aop-3.1.1.RELEASE.jar:/home/sinval/.m2/repository/org/springframework/spring-asm/3.1.1.RELEASE/spring-asm-3.1.1.RELEASE.jar:/home/sinval/.m2/repository/org/springframework/spring-aspects/3.1.1.RELEASE/spring-aspects-3.1.1.RELEASE.jar:/home/sinval/.m2/repository/org/springframework/spring-beans/3.1.1.RELEASE/spring-beans-3.1.1.RELEASE.jar:/home/sinval/.m2/repository/org/springframework/spring-context/3.1.1.RELEASE/spring-context-3.1.1.RELEASE.jar:/home/sinval/.m2/repository/org/springframework/spring-context-support/3.1.1.RELEASE/spring-context-support-3.1.1.RELEASE.jar:/home/sinval/.m2/repository/org/springframework/spring-core/3.1.1.RELEASE/spring-core-3.1.1.RELEASE.jar:/home/sinval/.m2/repository/org/springframework/spring-expression/3.1.1.RELEASE/spring-expression-3.1.1.RELEASE.jar:/home/sinval/.m2/repository/org/springframework/spring-jdbc/3.1.1.RELEASE/spring-jdbc-3.1.1.RELEASE.jar:/home/sinval/.m2/repository/org/springframework/spring-orm/3.1.1.RELEASE/spring-orm-3.1.1.RELEASE.jar:/home/sinval/.m2/repository/org/springframework/spring-tx/3.1.1.RELEASE/spring-tx-3.1.1.RELEASE.jar:/home/sinval/.m2/repository/org/springframework/spring-web/3.1.1.RELEASE/spring-web-3.1.1.RELEASE.jar:/home/sinval/.m2/repository/org/springframework/spring-webmvc/3.1.1.RELEASE/spring-webmvc-3.1.1.RELEASE.jar:/home/sinval/.m2/repository/org/springframework/roo/org.springframework.roo.annotations/1.2.3.RELEASE/org.springframework.roo.annotations-1.2.3.RELEASE.jar:/home/sinval/.m2/repository/org/springframework/webflow/spring-js-resources/2.2.1.RELEASE/spring-js-resources-2.2.1.RELEASE.jar:/home/sinval/Development/bloomer/Bloomer-CORE/Bloomer-CORE/target/classes
-aspectpath
/home/sinval/.m2/repository/org/springframework/spring-aspects/3.1.1.RELEASE/spring-aspects-3.1.1.RELEASE.jar
-d
/home/sinval/Development/bloomer/Bloomer-CORE/Bloomer-CORE/target/classes
/home/sinval/Development/bloomer/Bloomer-CORE/Bloomer-CORE/src/main/java/br/ufpb/dce/bloomer/core/model/Partida.java
/home/sinval/Development/bloomer/Bloomer-CORE/Bloomer-CORE/src/main/java/br/ufpb/dce/bloomer/core/model/Jogo.java
/home/sinval/Development/bloomer/Bloomer-CORE/Bloomer-CORE/src/main/java/br/ufpb/dce/bloomer/core/model/TipoJogo_Roo_Json.aj
/home/sinval/Development/bloomer/Bloomer-CORE/Bloomer-CORE/src/main/java/br/ufpb/dce/bloomer/core/model/Questao.java
/home/sinval/Development/bloomer/Bloomer-CORE/Bloomer-CORE/src/main/java/br/ufpb/dce/bloomer/core/model/Jogo_Roo_Jpa_Entity.aj
/home/sinval/Development/bloomer/Bloomer-CORE/Bloomer-CORE/src/main/java/br/ufpb/dce/bloomer/core/model/Partida_Roo_JavaBean.aj
/home/sinval/Development/bloomer/Bloomer-CORE/Bloomer-CORE/src/main/java/br/ufpb/dce/bloomer/core/model/Relacao_Roo_Jpa_ActiveRecord.aj
/home/sinval/Development/bloomer/Bloomer-CORE/Bloomer-CORE/src/main/java/br/ufpb/dce/bloomer/core/model/Partida_Roo_Jpa_Entity.aj
/home/sinval/Development/bloomer/Bloomer-CORE/Bloomer-CORE/src/main/java/br/ufpb/dce/bloomer/core/model/Resposta.java
/home/sinval/Development/bloomer/Bloomer-CORE/Bloomer-CORE/src/main/java/br/ufpb/dce/bloomer/core/model/TipoJogo_Roo_ToString.aj
/home/sinval/Development/bloomer/Bloomer-CORE/Bloomer-CORE/src/main/java/br/ufpb/dce/bloomer/core/RelacaoController_Roo_Controller_Json.aj
/home/sinval/Development/bloomer/Bloomer-CORE/Bloomer-CORE/src/main/java/br/ufpb/dce/bloomer/core/model/Jogo_Roo_Jpa_ActiveRecord.aj
/home/sinval/Development/bloomer/Bloomer-CORE/Bloomer-CORE/src/main/java/br/ufpb/dce/bloomer/core/web/PartidaController_Roo_Controller.aj
/home/sinval/Development/bloomer/Bloomer-CORE/Bloomer-CORE/src/main/java/br/ufpb/dce/bloomer/core/web/TipoJogoController.java
/home/sinval/Development/bloomer/Bloomer-CORE/Bloomer-CORE/src/main/java/br/ufpb/dce/bloomer/core/model/Jogo_Roo_Configurable.aj
/home/sinval/Development/bloomer/Bloomer-CORE/Bloomer-CORE/src/main/java/br/ufpb/dce/bloomer/core/model/TipoQuestao_Roo_Jpa_Entity.aj
/home/sinval/Development/bloomer/Bloomer-CORE/Bloomer-CORE/src/main/java/br/ufpb/dce/bloomer/core/web/QuestaoController_Roo_Controller_Json.aj
/home/sinval/Development/bloomer/Bloomer-CORE/Bloomer-CORE/src/main/java/br/ufpb/dce/bloomer/core/model/Relacao_Roo_Jpa_Entity.aj
/home/sinval/Development/bloomer/Bloomer-CORE/Bloomer-CORE/src/main/java/br/ufpb/dce/bloomer/core/model/Jogo_Roo_JavaBean.aj
/home/sinval/Development/bloomer/Bloomer-CORE/Bloomer-CORE/src/main/java/br/ufpb/dce/bloomer/core/model/Relacao_Roo_Finder.aj
/home/sinval/Development/bloomer/Bloomer-CORE/Bloomer-CORE/src/main/java/br/ufpb/dce/bloomer/core/model/Relacao_Roo_Configurable.aj
/home/sinval/Development/bloomer/Bloomer-CORE/Bloomer-CORE/src/main/java/br/ufpb/dce/bloomer/core/model/Resposta_Roo_Configurable.aj
/home/sinval/Development/bloomer/Bloomer-CORE/Bloomer-CORE/src/main/java/br/ufpb/dce/bloomer/core/web/JogoController.java
/home/sinval/Development/bloomer/Bloomer-CORE/Bloomer-CORE/src/main/java/br/ufpb/dce/bloomer/core/web/RespostaController.java
/home/sinval/Development/bloomer/Bloomer-CORE/Bloomer-CORE/src/main/java/br/ufpb/dce/bloomer/core/model/TipoJogo.java
/home/sinval/Development/bloomer/Bloomer-CORE/Bloomer-CORE/src/main/java/br/ufpb/dce/bloomer/core/model/Questao_Roo_Jpa_ActiveRecord.aj
/home/sinval/Development/bloomer/Bloomer-CORE/Bloomer-CORE/src/main/java/br/ufpb/dce/bloomer/core/model/Relacao_Roo_ToString.aj
/home/sinval/Development/bloomer/Bloomer-CORE/Bloomer-CORE/src/main/java/br/ufpb/dce/bloomer/core/model/Resposta_Roo_JavaBean.aj
/home/sinval/Development/bloomer/Bloomer-CORE/Bloomer-CORE/src/main/java/br/ufpb/dce/bloomer/core/model/Resposta_Roo_ToString.aj
/home/sinval/Development/bloomer/Bloomer-CORE/Bloomer-CORE/src/main/java/br/ufpb/dce/bloomer/core/model/Partida_Roo_Jpa_ActiveRecord.aj
/home/sinval/Development/bloomer/Bloomer-CORE/Bloomer-CORE/src/main/java/br/ufpb/dce/bloomer/core/model/Sexo.java
/home/sinval/Development/bloomer/Bloomer-CORE/Bloomer-CORE/src/main/java/br/ufpb/dce/bloomer/core/web/RespostaController_Roo_Controller_Json.aj
/home/sinval/Development/bloomer/Bloomer-CORE/Bloomer-CORE/src/main/java/br/ufpb/dce/bloomer/core/model/Questao_Roo_Configurable.aj
/home/sinval/Development/bloomer/Bloomer-CORE/Bloomer-CORE/src/main/java/br/ufpb/dce/bloomer/core/model/Relacao_Roo_JavaBean.aj
/home/sinval/Development/bloomer/Bloomer-CORE/Bloomer-CORE/src/main/java/br/ufpb/dce/bloomer/core/web/TipoQuestaoController_Roo_Controller_Json.aj
/home/sinval/Development/bloomer/Bloomer-CORE/Bloomer-CORE/src/main/java/br/ufpb/dce/bloomer/core/model/TipoQuestao_Roo_Json.aj
/home/sinval/Development/bloomer/Bloomer-CORE/Bloomer-CORE/src/main/java/br/ufpb/dce/bloomer/core/model/Questao_Roo_Jpa_Entity.aj
/home/sinval/Development/bloomer/Bloomer-CORE/Bloomer-CORE/src/main/java/br/ufpb/dce/bloomer/core/model/Partida_Roo_Finder.aj
/home/sinval/Development/bloomer/Bloomer-CORE/Bloomer-CORE/src/main/java/br/ufpb/dce/bloomer/core/model/Resposta_Roo_Jpa_ActiveRecord.aj
/home/sinval/Development/bloomer/Bloomer-CORE/Bloomer-CORE/src/main/java/br/ufpb/dce/bloomer/core/web/PartidaController.java
/home/sinval/Development/bloomer/Bloomer-CORE/Bloomer-CORE/src/main/java/br/ufpb/dce/bloomer/core/model/Usuario_Roo_JavaBean.aj
/home/sinval/Development/bloomer/Bloomer-CORE/Bloomer-CORE/src/main/java/br/ufpb/dce/bloomer/core/web/ApplicationConversionServiceFactoryBean.java
/home/sinval/Development/bloomer/Bloomer-CORE/Bloomer-CORE/src/main/java/br/ufpb/dce/bloomer/core/RelacaoController.java
/home/sinval/Development/bloomer/Bloomer-CORE/Bloomer-CORE/src/main/java/br/ufpb/dce/bloomer/core/web/JogoController_Roo_Controller.aj
/home/sinval/Development/bloomer/Bloomer-CORE/Bloomer-CORE/src/main/java/br/ufpb/dce/bloomer/core/model/Relacao_Roo_Json.aj
/home/sinval/Development/bloomer/Bloomer-CORE/Bloomer-CORE/src/main/java/br/ufpb/dce/bloomer/core/web/QuestaoController.java
/home/sinval/Development/bloomer/Bloomer-CORE/Bloomer-CORE/src/main/java/br/ufpb/dce/bloomer/core/model/Relacao.java
/home/sinval/Development/bloomer/Bloomer-CORE/Bloomer-CORE/src/main/java/br/ufpb/dce/bloomer/core/model/Plafatorma.java
/home/sinval/Development/bloomer/Bloomer-CORE/Bloomer-CORE/src/main/java/br/ufpb/dce/bloomer/core/model/Resposta_Roo_Jpa_Entity.aj
/home/sinval/Development/bloomer/Bloomer-CORE/Bloomer-CORE/src/main/java/br/ufpb/dce/bloomer/core/web/TipoQuestaoController_Roo_Controller.aj
/home/sinval/Development/bloomer/Bloomer-CORE/Bloomer-CORE/src/main/java/br/ufpb/dce/bloomer/core/model/Jogo_Roo_ToString.aj
/home/sinval/Development/bloomer/Bloomer-CORE/Bloomer-CORE/src/main/java/br/ufpb/dce/bloomer/core/model/Partida_Roo_Json.aj
/home/sinval/Development/bloomer/Bloomer-CORE/Bloomer-CORE/src/main/java/br/ufpb/dce/bloomer/core/model/Partida_Roo_Configurable.aj
/home/sinval/Development/bloomer/Bloomer-CORE/Bloomer-CORE/src/main/java/br/ufpb/dce/bloomer/core/web/TipoJogoController_Roo_Controller.aj
/home/sinval/Development/bloomer/Bloomer-CORE/Bloomer-CORE/src/main/java/br/ufpb/dce/bloomer/core/web/QuestaoController_Roo_Controller.aj
/home/sinval/Development/bloomer/Bloomer-CORE/Bloomer-CORE/src/main/java/br/ufpb/dce/bloomer/core/model/TipoJogo_Roo_JavaBean.aj
/home/sinval/Development/bloomer/Bloomer-CORE/Bloomer-CORE/src/main/java/br/ufpb/dce/bloomer/core/model/TipoQuestao_Roo_Jpa_ActiveRecord.aj
/home/sinval/Development/bloomer/Bloomer-CORE/Bloomer-CORE/src/main/java/br/ufpb/dce/bloomer/core/web/PartidaController_Roo_Controller_Json.aj
/home/sinval/Development/bloomer/Bloomer-CORE/Bloomer-CORE/src/main/java/br/ufpb/dce/bloomer/core/model/Partida_Roo_ToString.aj
/home/sinval/Development/bloomer/Bloomer-CORE/Bloomer-CORE/src/main/java/br/ufpb/dce/bloomer/core/web/UsuarioController_Roo_Controller.aj
/home/sinval/Development/bloomer/Bloomer-CORE/Bloomer-CORE/src/main/java/br/ufpb/dce/bloomer/core/model/TipoQuestao_Roo_Configurable.aj
/home/sinval/Development/bloomer/Bloomer-CORE/Bloomer-CORE/src/main/java/br/ufpb/dce/bloomer/core/model/Questao_Roo_ToString.aj
/home/sinval/Development/bloomer/Bloomer-CORE/Bloomer-CORE/src/main/java/br/ufpb/dce/bloomer/core/model/NivelTaxonomia.java
/home/sinval/Development/bloomer/Bloomer-CORE/Bloomer-CORE/src/main/java/br/ufpb/dce/bloomer/core/model/Usuario_Roo_Jpa_Entity.aj
/home/sinval/Development/bloomer/Bloomer-CORE/Bloomer-CORE/src/main/java/br/ufpb/dce/bloomer/core/model/Usuario_Roo_Json.aj
/home/sinval/Development/bloomer/Bloomer-CORE/Bloomer-CORE/src/main/java/br/ufpb/dce/bloomer/core/model/TipoQuestao_Roo_JavaBean.aj
/home/sinval/Development/bloomer/Bloomer-CORE/Bloomer-CORE/src/main/java/br/ufpb/dce/bloomer/core/model/Questao_Roo_Json.aj
/home/sinval/Development/bloomer/Bloomer-CORE/Bloomer-CORE/src/main/java/br/ufpb/dce/bloomer/core/web/RespostaController_Roo_Controller.aj
/home/sinval/Development/bloomer/Bloomer-CORE/Bloomer-CORE/src/main/java/MainTestControllers.java
/home/sinval/Development/bloomer/Bloomer-CORE/Bloomer-CORE/src/main/java/br/ufpb/dce/bloomer/core/model/TipoQuestao_Roo_ToString.aj
/home/sinval/Development/bloomer/Bloomer-CORE/Bloomer-CORE/src/main/java/br/ufpb/dce/bloomer/core/model/TipoJogo_Roo_Jpa_Entity.aj
/home/sinval/Development/bloomer/Bloomer-CORE/Bloomer-CORE/src/main/java/br/ufpb/dce/bloomer/core/model/Resposta_Roo_Json.aj
/home/sinval/Development/bloomer/Bloomer-CORE/Bloomer-CORE/src/main/java/br/ufpb/dce/bloomer/core/web/TipoJogoController_Roo_Controller_Json.aj
/home/sinval/Development/bloomer/Bloomer-CORE/Bloomer-CORE/src/main/java/br/ufpb/dce/bloomer/core/model/TipoQuestao.java
/home/sinval/Development/bloomer/Bloomer-CORE/Bloomer-CORE/src/main/java/br/ufpb/dce/bloomer/core/model/Usuario_Roo_Finder.aj
/home/sinval/Development/bloomer/Bloomer-CORE/Bloomer-CORE/src/main/java/br/ufpb/dce/bloomer/core/web/ApplicationConversionServiceFactoryBean_Roo_ConversionService.aj
/home/sinval/Development/bloomer/Bloomer-CORE/Bloomer-CORE/src/main/java/br/ufpb/dce/bloomer/core/model/Usuario_Roo_ToString.aj
/home/sinval/Development/bloomer/Bloomer-CORE/Bloomer-CORE/src/main/java/br/ufpb/dce/bloomer/core/web/TipoQuestaoController.java
/home/sinval/Development/bloomer/Bloomer-CORE/Bloomer-CORE/src/main/java/br/ufpb/dce/bloomer/core/model/Usuario.java
/home/sinval/Development/bloomer/Bloomer-CORE/Bloomer-CORE/src/main/java/br/ufpb/dce/bloomer/core/model/Jogo_Roo_Json.aj
/home/sinval/Development/bloomer/Bloomer-CORE/Bloomer-CORE/src/main/java/br/ufpb/dce/bloomer/core/model/TipoJogo_Roo_Configurable.aj
/home/sinval/Development/bloomer/Bloomer-CORE/Bloomer-CORE/src/main/java/br/ufpb/dce/bloomer/core/web/JogoController_Roo_Controller_Json.aj
/home/sinval/Development/bloomer/Bloomer-CORE/Bloomer-CORE/src/main/java/br/ufpb/dce/bloomer/core/model/Usuario_Roo_Configurable.aj
/home/sinval/Development/bloomer/Bloomer-CORE/Bloomer-CORE/src/main/java/br/ufpb/dce/bloomer/core/model/TipoJogo_Roo_Jpa_ActiveRecord.aj
/home/sinval/Development/bloomer/Bloomer-CORE/Bloomer-CORE/src/main/java/br/ufpb/dce/bloomer/core/model/Questao_Roo_JavaBean.aj
/home/sinval/Development/bloomer/Bloomer-CORE/Bloomer-CORE/src/main/java/br/ufpb/dce/bloomer/core/web/UsuarioController.java
/home/sinval/Development/bloomer/Bloomer-CORE/Bloomer-CORE/src/main/java/br/ufpb/dce/bloomer/core/web/UsuarioController_Roo_Controller_Json.aj
/home/sinval/Development/bloomer/Bloomer-CORE/Bloomer-CORE/src/main/java/br/ufpb/dce/bloomer/core/model/Usuario_Roo_Jpa_ActiveRecord.aj
